0 info it worked if it ends with ok
1 verbose cli [ 'E:\\nodejs\\node.exe',
1 verbose cli   'E:\\nodejs\\node_modules\\npm\\bin\\npm-cli.js',
1 verbose cli   'run',
1 verbose cli   'build' ]
2 info using npm@3.10.10
3 info using node@v6.9.4
4 verbose run-script [ 'prebuild', 'build', 'postbuild' ]
5 info lifecycle nettverk_oving6@1.0.0~prebuild: nettverk_oving6@1.0.0
6 silly lifecycle nettverk_oving6@1.0.0~prebuild: no script for prebuild, continuing
7 info lifecycle nettverk_oving6@1.0.0~build: nettverk_oving6@1.0.0
8 verbose lifecycle nettverk_oving6@1.0.0~build: unsafe-perm in lifecycle true
9 verbose lifecycle nettverk_oving6@1.0.0~build: PATH: E:\nodejs\node_modules\npm\bin\node-gyp-bin;E:\Nettverkprog\oving6\node_modules\.bin;C:\ProgramData\Oracle\Java\javapath;C:\Windows\system32;C:\Windows;C:\Windows\System32\Wbem;C:\Windows\System32\WindowsPowerShell\v1.0\;C:\Program Files (x86)\NVIDIA Corporation\PhysX\Common;C:\WINDOWS\system32;C:\WINDOWS;C:\WINDOWS\System32\Wbem;C:\WINDOWS\System32\WindowsPowerShell\v1.0\;E:\apache-maven-3.3.9\bin;E:\nodejs\;C:\Users\KristofferLaptop\AppData\Local\Microsoft\WindowsApps;C:\Users\KristofferLaptop\AppData\Roaming\npm;D:\Program Files (x86)\Microsoft VS Code\bin
10 verbose lifecycle nettverk_oving6@1.0.0~build: CWD: E:\Nettverkprog\oving6
11 silly lifecycle nettverk_oving6@1.0.0~build: Args: [ '/d /s /c', 'webpack -w' ]
12 silly lifecycle nettverk_oving6@1.0.0~build: Returned: code: 3221225786  signal: null
13 info lifecycle nettverk_oving6@1.0.0~build: Failed to exec build script
14 verbose stack Error: nettverk_oving6@1.0.0 build: `webpack -w`
14 verbose stack Exit status 3221225786
14 verbose stack     at EventEmitter.<anonymous> (E:\nodejs\node_modules\npm\lib\utils\lifecycle.js:255:16)
14 verbose stack     at emitTwo (events.js:106:13)
14 verbose stack     at EventEmitter.emit (events.js:191:7)
14 verbose stack     at ChildProcess.<anonymous> (E:\nodejs\node_modules\npm\lib\utils\spawn.js:40:14)
14 verbose stack     at emitTwo (events.js:106:13)
14 verbose stack     at ChildProcess.emit (events.js:191:7)
14 verbose stack     at maybeClose (internal/child_process.js:877:16)
14 verbose stack     at Process.ChildProcess._handle.onexit (internal/child_process.js:226:5)
15 verbose pkgid nettverk_oving6@1.0.0
16 verbose cwd E:\Nettverkprog\oving6
17 error Windows_NT 10.0.14393
18 error argv "E:\\nodejs\\node.exe" "E:\\nodejs\\node_modules\\npm\\bin\\npm-cli.js" "run" "build"
19 error node v6.9.4
20 error npm  v3.10.10
21 error code ELIFECYCLE
22 error nettverk_oving6@1.0.0 build: `webpack -w`
22 error Exit status 3221225786
23 error Failed at the nettverk_oving6@1.0.0 build script 'webpack -w'.
23 error Make sure you have the latest version of node.js and npm installed.
23 error If you do, this is most likely a problem with the nettverk_oving6 package,
23 error not with npm itself.
23 error Tell the author that this fails on your system:
23 error     webpack -w
23 error You can get information on how to open an issue for this project with:
23 error     npm bugs nettverk_oving6
23 error Or if that isn't available, you can get their info via:
23 error     npm owner ls nettverk_oving6
23 error There is likely additional logging output above.
24 verbose exit [ 1, true ]
